<?xml version="1.0" encoding="UTF-8"?>
<!-- Generated by org.testng.reporters.JUnitReportReporter -->
<testsuite hostname="DESKTOP-1A9851H" failures="0" tests="1" name="Sample.DataDriven" time="17.503" errors="0" timestamp="2021-09-18T19:55:17 IST" skipped="0">
  <testcase classname="Sample.DataDriven" name="start" time="17.503"/>
  <system-out/>
</testsuite> <!-- Sample.DataDriven -->
