<?xml version="1.0" encoding="UTF-8"?>
<!-- Generated by org.testng.reporters.JUnitReportReporter -->
<testsuite hostname="DESKTOP-1A9851H" failures="0" tests="1" name="TestScript.AddnewCustomerTestScript" time="8.761" errors="0" timestamp="2022-05-21T19:31:54 IST" skipped="0">
  <testcase classname="TestScript.AddnewCustomerTestScript" name="addingnewcustomer" time="8.761"/>
  <system-out/>
</testsuite> <!-- TestScript.AddnewCustomerTestScript -->
