<?xml version="1.0" encoding="UTF-8"?>
<!-- Generated by org.testng.reporters.JUnitReportReporter -->
<testsuite hostname="DESKTOP-1A9851H" failures="0" tests="1" name="Actitime.OpenTasks" time="20.988" errors="0" timestamp="2022-05-14T10:31:39 IST" skipped="0">
  <testcase classname="Actitime.OpenTasks" name="opentask" time="20.988"/>
  <system-out/>
</testsuite> <!-- Actitime.OpenTasks -->
