<?xml version="1.0" encoding="UTF-8"?>
<!-- Generated by org.testng.reporters.JUnitReportReporter -->
<testsuite hostname="DESKTOP-1A9851H" failures="0" tests="1" name="TestScript.CancelAddNewCustomerTestScript" time="8.018" errors="0" timestamp="2022-05-21T20:01:34 IST" skipped="0">
  <testcase classname="TestScript.CancelAddNewCustomerTestScript" name="canceladdnewcustomer" time="8.018"/>
  <system-out/>
</testsuite> <!-- TestScript.CancelAddNewCustomerTestScript -->
