<?xml version="1.0" encoding="UTF-8"?>
<!-- Generated by org.testng.reporters.JUnitReportReporter -->
<testsuite hostname="DESKTOP-1A9851H" failures="0" tests="2" name="Sample.InvocationCount" time="102.379" errors="0" timestamp="2021-09-18T10:46:27 IST" skipped="0">
  <testcase classname="Sample.InvocationCount" name="start" time="41.597"/>
  <system-out/>
  <testcase classname="Sample.InvocationCount" name="start" time="60.782"/>
  <system-out/>
</testsuite> <!-- Sample.InvocationCount -->
