<?xml version="1.0" encoding="UTF-8"?>
<!-- Generated by org.testng.reporters.JUnitReportReporter -->
<testsuite hostname="DESKTOP-1A9851H" failures="0" tests="1" name="utilityclass.Testing" time="0.943" errors="0" timestamp="2022-05-21T16:53:44 IST" skipped="0">
  <testcase classname="utilityclass.Testing" name="start" time="0.943"/>
  <system-out/>
</testsuite> <!-- utilityclass.Testing -->
