<?xml version="1.0" encoding="UTF-8"?>
<!-- Generated by org.testng.reporters.JUnitReportReporter -->
<testsuite hostname="DESKTOP-1A9851H" failures="0" tests="1" name="Actitime.Login" time="34.584" errors="0" timestamp="2022-05-17T11:45:11 IST" skipped="0">
  <testcase classname="Actitime.Login" name="login" time="34.584"/>
  <system-out/>
</testsuite> <!-- Actitime.Login -->
