<?xml version="1.0" encoding="UTF-8"?>
<!-- Generated by org.testng.reporters.JUnitReportReporter -->
<testsuite hostname="DESKTOP-1A9851H" failures="0" tests="1" name="Sample.Mouseactions" time="15.632" errors="0" timestamp="2022-05-14T11:23:23 IST" skipped="0">
  <testcase classname="Sample.Mouseactions" name="mouseactions" time="15.632"/>
  <system-out/>
</testsuite> <!-- Sample.Mouseactions -->
