<?xml version="1.0" encoding="UTF-8"?>
<!-- Generated by org.testng.reporters.JUnitReportReporter -->
<testsuite hostname="DESKTOP-1A9851H" failures="0" tests="1" name="Sample.SampleDataDriven" time="0.012" errors="0" timestamp="2021-09-18T19:33:55 IST" skipped="0">
  <testcase classname="Sample.SampleDataDriven" name="start" time="0.012"/>
  <system-out/>
</testsuite> <!-- Sample.SampleDataDriven -->
